<?xml version="1.0" encoding="UTF-8"?>
<!-- Generated by org.testng.reporters.JUnitReportReporter -->
<testsuite hostname="LAPTOP-982EDOOE" failures="0" tests="1" name="testcases.TC001_Login" time="6.872" errors="0" timestamp="2025-08-11T10:01:22 IST" skipped="0">
  <testcase classname="testcases.TC001_Login" name="runLogin" time="6.872"/>
  <system-out/>
</testsuite> <!-- testcases.TC001_Login -->
