<?xml version="1.0" encoding="UTF-8"?>
<!-- Generated by org.testng.reporters.JUnitReportReporter -->
<testsuite hostname="LAPTOP-982EDOOE" failures="0" tests="9" name="runner.CucumberRunner" time="124.941" errors="0" timestamp="2025-08-10T12:15:14 IST" skipped="0">
  <testcase classname="runner.CucumberRunner" name="runScenario" time="16.270"/>
  <system-out/>
  <testcase classname="runner.CucumberRunner" name="runScenario" time="13.348"/>
  <system-out/>
  <testcase classname="runner.CucumberRunner" name="runScenario" time="14.340"/>
  <system-out/>
  <testcase classname="runner.CucumberRunner" name="runScenario" time="14.258"/>
  <system-out/>
  <testcase classname="runner.CucumberRunner" name="runScenario" time="15.521"/>
  <system-out/>
  <testcase classname="runner.CucumberRunner" name="runScenario" time="13.203"/>
  <system-out/>
  <testcase classname="runner.CucumberRunner" name="runScenario" time="12.510"/>
  <system-out/>
  <testcase classname="runner.CucumberRunner" name="runScenario" time="11.814"/>
  <system-out/>
  <testcase classname="runner.CucumberRunner" name="runScenario" time="13.677"/>
  <system-out/>
</testsuite> <!-- runner.CucumberRunner -->
